{"numFailedTestSuites":0,"numFailedTests":0,"numPassedTestSuites":3,"numPassedTests":11,"numPendingTestSuites":0,"numPendingTests":0,"numRuntimeErrorTestSuites":0,"numTotalTestSuites":3,"numTotalTests":11,"openHandles":[],"snapshot":{"added":2,"didUpdate":false,"failure":false,"filesAdded":1,"filesRemoved":0,"filesUnmatched":0,"filesUpdated":0,"matched":6,"total":8,"unchecked":0,"uncheckedKeysByFile":[],"unmatched":0,"updated":0},"startTime":1548171756672,"success":true,"testResults":[{"assertionResults":[{"ancestorTitles":["Feedback components/Spinner"],"failureMessages":[],"fullName":"Feedback components/Spinner Default","location":null,"status":"passed","title":"Default"}],"endTime":1548171762247,"message":"","name":"D:\\DEV\\Statoil\\Project Portal\\git\\fusion-components\\src\\components\\feedback\\Spinner\\__tests__\\Spinner.stories.js","startTime":1548171759192,"status":"passed","summary":""},{"assertionResults":[{"ancestorTitles":["General components/Popover"],"failureMessages":[],"fullName":"General components/Popover Inline","location":null,"status":"passed","title":"Inline"},{"ancestorTitles":["General components/Popover"],"failureMessages":[],"fullName":"General components/Popover visually looks correct","location":null,"status":"passed","title":"visually looks correct"},{"ancestorTitles":["General components/Popover"],"failureMessages":[],"fullName":"General components/Popover Relative","location":null,"status":"passed","title":"Relative"},{"ancestorTitles":["General components/Popover"],"failureMessages":[],"fullName":"General components/Popover visually looks correct","location":null,"status":"passed","title":"visually looks correct"}],"endTime":1548171767942,"message":"","name":"D:\\DEV\\Statoil\\Project Portal\\git\\fusion-components\\src\\components\\general\\Popover\\__tests__\\Popover.stories.js","startTime":1548171759257,"status":"passed","summary":""},{"assertionResults":[{"ancestorTitles":["General components/Button"],"failureMessages":[],"fullName":"General components/Button Contained","location":null,"status":"passed","title":"Contained"},{"ancestorTitles":["General components/Button"],"failureMessages":[],"fullName":"General components/Button visually looks correct","location":null,"status":"passed","title":"visually looks correct"},{"ancestorTitles":["General components/Button"],"failureMessages":[],"fullName":"General components/Button Outlined","location":null,"status":"passed","title":"Outlined"},{"ancestorTitles":["General components/Button"],"failureMessages":[],"fullName":"General components/Button visually looks correct","location":null,"status":"passed","title":"visually looks correct"},{"ancestorTitles":["General components/Button"],"failureMessages":[],"fullName":"General components/Button Frameless","location":null,"status":"passed","title":"Frameless"},{"ancestorTitles":["General components/Button"],"failureMessages":[],"fullName":"General components/Button visually looks correct","location":null,"status":"passed","title":"visually looks correct"}],"endTime":1548171768315,"message":"","name":"D:\\DEV\\Statoil\\Project Portal\\git\\fusion-components\\src\\components\\general\\Button\\__tests__\\Button.stories.js","startTime":1548171759280,"status":"passed","summary":""}],"wasInterrupted":false,"coverageMap":{"D:\\DEV\\Statoil\\Project Portal\\git\\fusion-components\\.jest\\register-context.js":{"path":"D:\\DEV\\Statoil\\Project Portal\\git\\fusion-components\\.jest\\register-context.js","statementMap":{"0":{"start":{"line":1,"column":35},"end":{"line":1,"column":88}},"1":{"start":{"line":3,"column":0},"end":{"line":3,"column":29}}},"fnMap":{},"branchMap":{},"s":{"0":3,"1":3},"f":{},"b":{},"_coverageSchema":"332fd63041d2c1bcb487cc26dd0d5f7d97098a6c","hash":"d15c3e2c51c60ea966fb6df851bc6f815a977a21"},"D:\\DEV\\Statoil\\Project Portal\\git\\fusion-components\\.jest\\setup-tests.js":{"path":"D:\\DEV\\Statoil\\Project Portal\\git\\fusion-components\\.jest\\setup-tests.js","statementMap":{"0":{"start":{"line":1,"column":15},"end":{"line":1,"column":32}},"1":{"start":{"line":2,"column":33},"end":{"line":2,"column":63}},"2":{"start":{"line":4,"column":0},"end":{"line":4,"column":40}},"3":{"start":{"line":6,"column":17},"end":{"line":6,"column":19}},"4":{"start":{"line":7,"column":0},"end":{"line":9,"column":3}},"5":{"start":{"line":8,"column":4},"end":{"line":8,"column":25}}},"fnMap":{"0":{"name":"(anonymous_0)","decl":{"start":{"line":7,"column":34},"end":{"line":7,"column":35}},"loc":{"start":{"line":7,"column":49},"end":{"line":9,"column":1}},"line":7}},"branchMap":{},"s":{"0":3,"1":3,"2":3,"3":3,"4":3,"5":2},"f":{"0":2},"b":{},"_coverageSchema":"332fd63041d2c1bcb487cc26dd0d5f7d97098a6c","hash":"ff72591aa16f61b75d76cad3317638951110353e"},"D:\\DEV\\Statoil\\Project Portal\\git\\fusion-components\\src\\components\\feedback\\Spinner\\index.js":{"path":"D:\\DEV\\Statoil\\Project Portal\\git\\fusion-components\\src\\components\\feedback\\Spinner\\index.js","statementMap":{"0":{"start":{"line":6,"column":16},"end":{"line":47,"column":1}},"1":{"start":{"line":8,"column":32},"end":{"line":12,"column":6}},"2":{"start":{"line":15,"column":30},"end":{"line":18,"column":6}},"3":{"start":{"line":20,"column":4},"end":{"line":32,"column":5}},"4":{"start":{"line":21,"column":8},"end":{"line":31,"column":9}},"5":{"start":{"line":34,"column":4},"end":{"line":46,"column":6}},"6":{"start":{"line":49,"column":0},"end":{"line":67,"column":2}}},"fnMap":{"0":{"name":"(anonymous_0)","decl":{"start":{"line":6,"column":16},"end":{"line":6,"column":17}},"loc":{"start":{"line":6,"column":101},"end":{"line":47,"column":1}},"line":6}},"branchMap":{"0":{"loc":{"start":{"line":20,"column":4},"end":{"line":32,"column":5}},"type":"if","locations":[{"start":{"line":20,"column":4},"end":{"line":32,"column":5}},{"start":{"line":20,"column":4},"end":{"line":32,"column":5}}],"line":20},"1":{"loc":{"start":{"line":43,"column":13},"end":{"line":43,"column":76}},"type":"cond-expr","locations":[{"start":{"line":43,"column":21},"end":{"line":43,"column":69}},{"start":{"line":43,"column":72},"end":{"line":43,"column":76}}],"line":43},"2":{"loc":{"start":{"line":44,"column":13},"end":{"line":44,"column":68}},"type":"cond-expr","locations":[{"start":{"line":44,"column":44},"end":{"line":44,"column":61}},{"start":{"line":44,"column":64},"end":{"line":44,"column":68}}],"line":44}},"s":{"0":1,"1":4,"2":4,"3":4,"4":1,"5":3,"6":1},"f":{"0":4},"b":{"0":[1,3],"1":[0,3],"2":[0,3]},"_coverageSchema":"332fd63041d2c1bcb487cc26dd0d5f7d97098a6c","hash":"72e647569997a08657bfad8a1f391c8d0fcf8610"},"D:\\DEV\\Statoil\\Project Portal\\git\\fusion-components\\src\\components\\general\\Button\\index.js":{"path":"D:\\DEV\\Statoil\\Project Portal\\git\\fusion-components\\src\\components\\general\\Button\\index.js","statementMap":{"0":{"start":{"line":16,"column":28},"end":{"line":19,"column":2}},"1":{"start":{"line":16,"column":38},"end":{"line":19,"column":1}},"2":{"start":{"line":21,"column":32},"end":{"line":26,"column":2}},"3":{"start":{"line":21,"column":41},"end":{"line":26,"column":1}},"4":{"start":{"line":25,"column":77},"end":{"line":25,"column":131}},"5":{"start":{"line":28,"column":30},"end":{"line":31,"column":2}},"6":{"start":{"line":28,"column":40},"end":{"line":31,"column":1}},"7":{"start":{"line":33,"column":29},"end":{"line":37,"column":2}},"8":{"start":{"line":33,"column":54},"end":{"line":37,"column":1}},"9":{"start":{"line":39,"column":25},"end":{"line":50,"column":1}},"10":{"start":{"line":39,"column":49},"end":{"line":50,"column":1}},"11":{"start":{"line":105,"column":32},"end":{"line":105,"column":42}},"12":{"start":{"line":106,"column":8},"end":{"line":106,"column":40}},"13":{"start":{"line":107,"column":8},"end":{"line":110,"column":11}},"14":{"start":{"line":114,"column":8},"end":{"line":117,"column":11}},"15":{"start":{"line":119,"column":8},"end":{"line":121,"column":9}},"16":{"start":{"line":120,"column":12},"end":{"line":120,"column":31}},"17":{"start":{"line":125,"column":29},"end":{"line":125,"column":39}},"18":{"start":{"line":126,"column":8},"end":{"line":130,"column":9}},"19":{"start":{"line":134,"column":72},"end":{"line":134,"column":82}},"20":{"start":{"line":136,"column":36},"end":{"line":136,"column":99}},"21":{"start":{"line":138,"column":8},"end":{"line":169,"column":9}},"22":{"start":{"line":139,"column":12},"end":{"line":152,"column":13}},"23":{"start":{"line":145,"column":39},"end":{"line":145,"column":57}},"24":{"start":{"line":146,"column":37},"end":{"line":146,"column":53}},"25":{"start":{"line":148,"column":35},"end":{"line":148,"column":55}},"26":{"start":{"line":156,"column":12},"end":{"line":168,"column":14}},"27":{"start":{"line":161,"column":40},"end":{"line":161,"column":59}},"28":{"start":{"line":162,"column":37},"end":{"line":162,"column":53}},"29":{"start":{"line":164,"column":35},"end":{"line":164,"column":55}},"30":{"start":{"line":173,"column":8},"end":{"line":177,"column":10}},"31":{"start":{"line":175,"column":32},"end":{"line":175,"column":62}}},"fnMap":{"0":{"name":"(anonymous_0)","decl":{"start":{"line":16,"column":28},"end":{"line":16,"column":29}},"loc":{"start":{"line":16,"column":38},"end":{"line":19,"column":1}},"line":16},"1":{"name":"(anonymous_1)","decl":{"start":{"line":21,"column":32},"end":{"line":21,"column":33}},"loc":{"start":{"line":21,"column":41},"end":{"line":26,"column":1}},"line":21},"2":{"name":"(anonymous_2)","decl":{"start":{"line":25,"column":72},"end":{"line":25,"column":73}},"loc":{"start":{"line":25,"column":77},"end":{"line":25,"column":131}},"line":25},"3":{"name":"(anonymous_3)","decl":{"start":{"line":28,"column":30},"end":{"line":28,"column":31}},"loc":{"start":{"line":28,"column":40},"end":{"line":31,"column":1}},"line":28},"4":{"name":"(anonymous_4)","decl":{"start":{"line":33,"column":29},"end":{"line":33,"column":30}},"loc":{"start":{"line":33,"column":54},"end":{"line":37,"column":1}},"line":33},"5":{"name":"(anonymous_5)","decl":{"start":{"line":39,"column":25},"end":{"line":39,"column":26}},"loc":{"start":{"line":39,"column":49},"end":{"line":50,"column":1}},"line":39},"6":{"name":"(anonymous_6)","decl":{"start":{"line":104,"column":4},"end":{"line":104,"column":5}},"loc":{"start":{"line":104,"column":19},"end":{"line":111,"column":5}},"line":104},"7":{"name":"(anonymous_7)","decl":{"start":{"line":113,"column":4},"end":{"line":113,"column":5}},"loc":{"start":{"line":113,"column":16},"end":{"line":122,"column":5}},"line":113},"8":{"name":"(anonymous_8)","decl":{"start":{"line":124,"column":4},"end":{"line":124,"column":5}},"loc":{"start":{"line":124,"column":25},"end":{"line":131,"column":5}},"line":124},"9":{"name":"(anonymous_9)","decl":{"start":{"line":133,"column":4},"end":{"line":133,"column":5}},"loc":{"start":{"line":133,"column":30},"end":{"line":170,"column":5}},"line":133},"10":{"name":"(anonymous_10)","decl":{"start":{"line":145,"column":33},"end":{"line":145,"column":34}},"loc":{"start":{"line":145,"column":39},"end":{"line":145,"column":57}},"line":145},"11":{"name":"(anonymous_11)","decl":{"start":{"line":146,"column":31},"end":{"line":146,"column":32}},"loc":{"start":{"line":146,"column":37},"end":{"line":146,"column":53}},"line":146},"12":{"name":"(anonymous_12)","decl":{"start":{"line":148,"column":25},"end":{"line":148,"column":26}},"loc":{"start":{"line":148,"column":35},"end":{"line":148,"column":55}},"line":148},"13":{"name":"(anonymous_13)","decl":{"start":{"line":161,"column":33},"end":{"line":161,"column":34}},"loc":{"start":{"line":161,"column":40},"end":{"line":161,"column":59}},"line":161},"14":{"name":"(anonymous_14)","decl":{"start":{"line":162,"column":31},"end":{"line":162,"column":32}},"loc":{"start":{"line":162,"column":37},"end":{"line":162,"column":53}},"line":162},"15":{"name":"(anonymous_15)","decl":{"start":{"line":164,"column":25},"end":{"line":164,"column":26}},"loc":{"start":{"line":164,"column":35},"end":{"line":164,"column":55}},"line":164},"16":{"name":"(anonymous_16)","decl":{"start":{"line":172,"column":4},"end":{"line":172,"column":5}},"loc":{"start":{"line":172,"column":13},"end":{"line":178,"column":5}},"line":172},"17":{"name":"(anonymous_17)","decl":{"start":{"line":175,"column":17},"end":{"line":175,"column":18}},"loc":{"start":{"line":175,"column":32},"end":{"line":175,"column":62}},"line":175}},"branchMap":{"0":{"loc":{"start":{"line":22,"column":24},"end":{"line":22,"column":80}},"type":"binary-expr","locations":[{"start":{"line":22,"column":24},"end":{"line":22,"column":39}},{"start":{"line":22,"column":44},"end":{"line":22,"column":59}},{"start":{"line":22,"column":63},"end":{"line":22,"column":79}}],"line":22},"1":{"loc":{"start":{"line":25,"column":19},"end":{"line":25,"column":132}},"type":"binary-expr","locations":[{"start":{"line":25,"column":19},"end":{"line":25,"column":48}},{"start":{"line":25,"column":52},"end":{"line":25,"column":132}}],"line":25},"2":{"loc":{"start":{"line":25,"column":77},"end":{"line":25,"column":131}},"type":"binary-expr","locations":[{"start":{"line":25,"column":77},"end":{"line":25,"column":102}},{"start":{"line":25,"column":106},"end":{"line":25,"column":131}}],"line":25},"3":{"loc":{"start":{"line":34,"column":20},"end":{"line":34,"column":80}},"type":"binary-expr","locations":[{"start":{"line":34,"column":20},"end":{"line":34,"column":31}},{"start":{"line":34,"column":35},"end":{"line":34,"column":80}}],"line":34},"4":{"loc":{"start":{"line":35,"column":21},"end":{"line":35,"column":118}},"type":"binary-expr","locations":[{"start":{"line":35,"column":22},"end":{"line":35,"column":34}},{"start":{"line":35,"column":39},"end":{"line":35,"column":51}},{"start":{"line":35,"column":55},"end":{"line":35,"column":67}},{"start":{"line":35,"column":73},"end":{"line":35,"column":118}}],"line":35},"5":{"loc":{"start":{"line":36,"column":20},"end":{"line":36,"column":80}},"type":"binary-expr","locations":[{"start":{"line":36,"column":20},"end":{"line":36,"column":31}},{"start":{"line":36,"column":35},"end":{"line":36,"column":80}}],"line":36},"6":{"loc":{"start":{"line":106,"column":9},"end":{"line":106,"column":38}},"type":"binary-expr","locations":[{"start":{"line":106,"column":9},"end":{"line":106,"column":20}},{"start":{"line":106,"column":24},"end":{"line":106,"column":38}}],"line":106},"7":{"loc":{"start":{"line":119,"column":8},"end":{"line":121,"column":9}},"type":"if","locations":[{"start":{"line":119,"column":8},"end":{"line":121,"column":9}},{"start":{"line":119,"column":8},"end":{"line":121,"column":9}}],"line":119},"8":{"loc":{"start":{"line":138,"column":8},"end":{"line":169,"column":9}},"type":"if","locations":[{"start":{"line":138,"column":8},"end":{"line":169,"column":9}},{"start":{"line":138,"column":8},"end":{"line":169,"column":9}}],"line":138},"9":{"loc":{"start":{"line":144,"column":28},"end":{"line":144,"column":60}},"type":"cond-expr","locations":[{"start":{"line":144,"column":42},"end":{"line":144,"column":50}},{"start":{"line":144,"column":53},"end":{"line":144,"column":60}}],"line":144}},"s":{"0":2,"1":25,"2":2,"3":25,"4":0,"5":2,"6":25,"7":2,"8":25,"9":2,"10":25,"11":0,"12":0,"13":0,"14":0,"15":0,"16":0,"17":25,"18":25,"19":25,"20":25,"21":25,"22":0,"23":0,"24":0,"25":0,"26":25,"27":0,"28":0,"29":25,"30":25,"31":25},"f":{"0":25,"1":25,"2":0,"3":25,"4":25,"5":25,"6":0,"7":0,"8":25,"9":25,"10":0,"11":0,"12":0,"13":0,"14":0,"15":25,"16":25,"17":25},"b":{"0":[25,16,8],"1":[25,0],"2":[0,0],"3":[25,0],"4":[25,0,0,25],"5":[25,6],"6":[0,0],"7":[0,0],"8":[0,25],"9":[0,0]},"_coverageSchema":"332fd63041d2c1bcb487cc26dd0d5f7d97098a6c","hash":"fb0a8b525cc0498ccaa480f230b88603f96b9b22"},"D:\\DEV\\Statoil\\Project Portal\\git\\fusion-components\\src\\components\\contexts\\ComponentDisplayContext.js":{"path":"D:\\DEV\\Statoil\\Project Portal\\git\\fusion-components\\src\\components\\contexts\\ComponentDisplayContext.js","statementMap":{"0":{"start":{"line":3,"column":37},"end":{"line":6,"column":1}},"1":{"start":{"line":8,"column":46},"end":{"line":11,"column":2}},"2":{"start":{"line":8,"column":72},"end":{"line":11,"column":1}}},"fnMap":{"0":{"name":"(anonymous_0)","decl":{"start":{"line":8,"column":46},"end":{"line":8,"column":47}},"loc":{"start":{"line":8,"column":72},"end":{"line":11,"column":1}},"line":8}},"branchMap":{},"s":{"0":2,"1":2,"2":0},"f":{"0":0},"b":{},"_coverageSchema":"332fd63041d2c1bcb487cc26dd0d5f7d97098a6c","hash":"69d090c0bc287666e8e961cd77694f9262965ef2"},"D:\\DEV\\Statoil\\Project Portal\\git\\fusion-components\\src\\components\\utils\\NamedContext.js":{"path":"D:\\DEV\\Statoil\\Project Portal\\git\\fusion-components\\src\\components\\utils\\NamedContext.js","statementMap":{"0":{"start":{"line":5,"column":43},"end":{"line":5,"column":68}},"1":{"start":{"line":6,"column":48},"end":{"line":6,"column":78}},"2":{"start":{"line":7,"column":50},"end":{"line":7,"column":82}},"3":{"start":{"line":8,"column":48},"end":{"line":8,"column":78}},"4":{"start":{"line":10,"column":23},"end":{"line":10,"column":72}},"5":{"start":{"line":10,"column":31},"end":{"line":10,"column":72}},"6":{"start":{"line":12,"column":22},"end":{"line":25,"column":1}},"7":{"start":{"line":13,"column":24},"end":{"line":13,"column":44}},"8":{"start":{"line":15,"column":4},"end":{"line":22,"column":5}},"9":{"start":{"line":16,"column":8},"end":{"line":21,"column":10}},"10":{"start":{"line":24,"column":4},"end":{"line":24,"column":31}},"11":{"start":{"line":27,"column":25},"end":{"line":34,"column":1}},"12":{"start":{"line":28,"column":20},"end":{"line":28,"column":53}},"13":{"start":{"line":30,"column":25},"end":{"line":30,"column":32}},"14":{"start":{"line":32,"column":4},"end":{"line":32,"column":27}},"15":{"start":{"line":33,"column":4},"end":{"line":33,"column":63}},"16":{"start":{"line":33,"column":17},"end":{"line":33,"column":62}},"17":{"start":{"line":36,"column":24},"end":{"line":39,"column":1}},"18":{"start":{"line":37,"column":20},"end":{"line":37,"column":39}},"19":{"start":{"line":38,"column":4},"end":{"line":38,"column":64}},"20":{"start":{"line":38,"column":40},"end":{"line":38,"column":62}},"21":{"start":{"line":41,"column":22},"end":{"line":65,"column":1}},"22":{"start":{"line":42,"column":4},"end":{"line":64,"column":5}},"23":{"start":{"line":44,"column":12},"end":{"line":44,"column":50}},"24":{"start":{"line":45,"column":12},"end":{"line":45,"column":18}},"25":{"start":{"line":48,"column":35},"end":{"line":48,"column":70}},"26":{"start":{"line":49,"column":12},"end":{"line":49,"column":39}},"27":{"start":{"line":50,"column":12},"end":{"line":50,"column":18}},"28":{"start":{"line":54,"column":12},"end":{"line":61,"column":15}},"29":{"start":{"line":55,"column":41},"end":{"line":55,"column":76}},"30":{"start":{"line":56,"column":16},"end":{"line":56,"column":45}},"31":{"start":{"line":57,"column":16},"end":{"line":60,"column":17}},"32":{"start":{"line":58,"column":20},"end":{"line":58,"column":75}},"33":{"start":{"line":59,"column":20},"end":{"line":59,"column":58}},"34":{"start":{"line":63,"column":12},"end":{"line":63,"column":18}},"35":{"start":{"line":67,"column":23},"end":{"line":77,"column":1}},"36":{"start":{"line":68,"column":20},"end":{"line":68,"column":46}},"37":{"start":{"line":69,"column":4},"end":{"line":69,"column":26}},"38":{"start":{"line":71,"column":4},"end":{"line":76,"column":31}},"39":{"start":{"line":79,"column":23},"end":{"line":86,"column":1}},"40":{"start":{"line":80,"column":4},"end":{"line":85,"column":31}},"41":{"start":{"line":88,"column":25},"end":{"line":95,"column":1}},"42":{"start":{"line":89,"column":4},"end":{"line":94,"column":31}},"43":{"start":{"line":97,"column":23},"end":{"line":124,"column":1}},"44":{"start":{"line":98,"column":4},"end":{"line":123,"column":5}},"45":{"start":{"line":104,"column":12},"end":{"line":104,"column":33}},"46":{"start":{"line":105,"column":12},"end":{"line":105,"column":51}},"47":{"start":{"line":109,"column":30},"end":{"line":109,"column":40}},"48":{"start":{"line":111,"column":12},"end":{"line":113,"column":13}},"49":{"start":{"line":112,"column":16},"end":{"line":112,"column":44}},"50":{"start":{"line":117,"column":12},"end":{"line":117,"column":35}},"51":{"start":{"line":121,"column":12},"end":{"line":121,"column":39}},"52":{"start":{"line":126,"column":23},"end":{"line":152,"column":1}},"53":{"start":{"line":127,"column":4},"end":{"line":151,"column":5}},"54":{"start":{"line":129,"column":12},"end":{"line":129,"column":25}},"55":{"start":{"line":131,"column":28},"end":{"line":131,"column":61}},"56":{"start":{"line":133,"column":12},"end":{"line":135,"column":14}},"57":{"start":{"line":139,"column":12},"end":{"line":141,"column":15}},"58":{"start":{"line":140,"column":16},"end":{"line":140,"column":41}},"59":{"start":{"line":145,"column":12},"end":{"line":145,"column":38}},"60":{"start":{"line":149,"column":12},"end":{"line":149,"column":57}},"61":{"start":{"line":156,"column":0},"end":{"line":162,"column":3}},"62":{"start":{"line":157,"column":4},"end":{"line":159,"column":5}},"63":{"start":{"line":158,"column":8},"end":{"line":158,"column":15}},"64":{"start":{"line":161,"column":4},"end":{"line":161,"column":26}},"65":{"start":{"line":164,"column":40},"end":{"line":172,"column":1}},"66":{"start":{"line":165,"column":28},"end":{"line":165,"column":61}},"67":{"start":{"line":166,"column":4},"end":{"line":166,"column":81}},"68":{"start":{"line":168,"column":4},"end":{"line":171,"column":6}},"69":{"start":{"line":174,"column":34},"end":{"line":180,"column":1}},"70":{"start":{"line":175,"column":4},"end":{"line":177,"column":5}},"71":{"start":{"line":176,"column":8},"end":{"line":176,"column":88}},"72":{"start":{"line":179,"column":4},"end":{"line":179,"column":61}}},"fnMap":{"0":{"name":"(anonymous_0)","decl":{"start":{"line":10,"column":23},"end":{"line":10,"column":24}},"loc":{"start":{"line":10,"column":31},"end":{"line":10,"column":72}},"line":10},"1":{"name":"(anonymous_1)","decl":{"start":{"line":12,"column":22},"end":{"line":12,"column":23}},"loc":{"start":{"line":12,"column":46},"end":{"line":25,"column":1}},"line":12},"2":{"name":"(anonymous_2)","decl":{"start":{"line":27,"column":25},"end":{"line":27,"column":26}},"loc":{"start":{"line":27,"column":58},"end":{"line":34,"column":1}},"line":27},"3":{"name":"(anonymous_3)","decl":{"start":{"line":33,"column":11},"end":{"line":33,"column":12}},"loc":{"start":{"line":33,"column":17},"end":{"line":33,"column":62}},"line":33},"4":{"name":"(anonymous_4)","decl":{"start":{"line":36,"column":24},"end":{"line":36,"column":25}},"loc":{"start":{"line":36,"column":32},"end":{"line":39,"column":1}},"line":36},"5":{"name":"(anonymous_5)","decl":{"start":{"line":38,"column":29},"end":{"line":38,"column":30}},"loc":{"start":{"line":38,"column":40},"end":{"line":38,"column":62}},"line":38},"6":{"name":"(anonymous_6)","decl":{"start":{"line":41,"column":22},"end":{"line":41,"column":23}},"loc":{"start":{"line":41,"column":33},"end":{"line":65,"column":1}},"line":41},"7":{"name":"(anonymous_7)","decl":{"start":{"line":54,"column":23},"end":{"line":54,"column":24}},"loc":{"start":{"line":54,"column":29},"end":{"line":61,"column":13}},"line":54},"8":{"name":"(anonymous_8)","decl":{"start":{"line":67,"column":23},"end":{"line":67,"column":24}},"loc":{"start":{"line":67,"column":40},"end":{"line":77,"column":1}},"line":67},"9":{"name":"(anonymous_9)","decl":{"start":{"line":79,"column":23},"end":{"line":79,"column":24}},"loc":{"start":{"line":79,"column":31},"end":{"line":86,"column":1}},"line":79},"10":{"name":"(anonymous_10)","decl":{"start":{"line":88,"column":25},"end":{"line":88,"column":26}},"loc":{"start":{"line":88,"column":33},"end":{"line":95,"column":1}},"line":88},"11":{"name":"(anonymous_11)","decl":{"start":{"line":97,"column":23},"end":{"line":97,"column":24}},"loc":{"start":{"line":97,"column":31},"end":{"line":124,"column":1}},"line":97},"12":{"name":"(anonymous_12)","decl":{"start":{"line":103,"column":8},"end":{"line":103,"column":9}},"loc":{"start":{"line":103,"column":28},"end":{"line":106,"column":9}},"line":103},"13":{"name":"(anonymous_13)","decl":{"start":{"line":108,"column":8},"end":{"line":108,"column":9}},"loc":{"start":{"line":108,"column":38},"end":{"line":114,"column":9}},"line":108},"14":{"name":"(anonymous_14)","decl":{"start":{"line":116,"column":8},"end":{"line":116,"column":9}},"loc":{"start":{"line":116,"column":31},"end":{"line":118,"column":9}},"line":116},"15":{"name":"(anonymous_15)","decl":{"start":{"line":120,"column":8},"end":{"line":120,"column":9}},"loc":{"start":{"line":120,"column":17},"end":{"line":122,"column":9}},"line":120},"16":{"name":"(anonymous_16)","decl":{"start":{"line":126,"column":23},"end":{"line":126,"column":24}},"loc":{"start":{"line":126,"column":47},"end":{"line":152,"column":1}},"line":126},"17":{"name":"(anonymous_17)","decl":{"start":{"line":128,"column":8},"end":{"line":128,"column":9}},"loc":{"start":{"line":128,"column":27},"end":{"line":136,"column":9}},"line":128},"18":{"name":"(anonymous_18)","decl":{"start":{"line":138,"column":8},"end":{"line":138,"column":9}},"loc":{"start":{"line":138,"column":28},"end":{"line":142,"column":9}},"line":138},"19":{"name":"(anonymous_19)","decl":{"start":{"line":139,"column":75},"end":{"line":139,"column":76}},"loc":{"start":{"line":139,"column":84},"end":{"line":141,"column":13}},"line":139},"20":{"name":"(anonymous_20)","decl":{"start":{"line":144,"column":8},"end":{"line":144,"column":9}},"loc":{"start":{"line":144,"column":31},"end":{"line":146,"column":9}},"line":144},"21":{"name":"(anonymous_21)","decl":{"start":{"line":148,"column":8},"end":{"line":148,"column":9}},"loc":{"start":{"line":148,"column":17},"end":{"line":150,"column":9}},"line":148},"22":{"name":"(anonymous_22)","decl":{"start":{"line":156,"column":35},"end":{"line":156,"column":36}},"loc":{"start":{"line":156,"column":40},"end":{"line":162,"column":1}},"line":156},"23":{"name":"(anonymous_23)","decl":{"start":{"line":164,"column":40},"end":{"line":164,"column":41}},"loc":{"start":{"line":164,"column":71},"end":{"line":172,"column":1}},"line":164},"24":{"name":"(anonymous_24)","decl":{"start":{"line":174,"column":34},"end":{"line":174,"column":35}},"loc":{"start":{"line":174,"column":65},"end":{"line":180,"column":1}},"line":174}},"branchMap":{"0":{"loc":{"start":{"line":15,"column":4},"end":{"line":22,"column":5}},"type":"if","locations":[{"start":{"line":15,"column":4},"end":{"line":22,"column":5}},{"start":{"line":15,"column":4},"end":{"line":22,"column":5}}],"line":15},"1":{"loc":{"start":{"line":42,"column":4},"end":{"line":64,"column":5}},"type":"switch","locations":[{"start":{"line":43,"column":8},"end":{"line":45,"column":18}},{"start":{"line":47,"column":8},"end":{"line":50,"column":18}},{"start":{"line":52,"column":8},"end":{"line":63,"column":18}}],"line":42},"2":{"loc":{"start":{"line":57,"column":16},"end":{"line":60,"column":17}},"type":"if","locations":[{"start":{"line":57,"column":16},"end":{"line":60,"column":17}},{"start":{"line":57,"column":16},"end":{"line":60,"column":17}}],"line":57},"3":{"loc":{"start":{"line":111,"column":12},"end":{"line":113,"column":13}},"type":"if","locations":[{"start":{"line":111,"column":12},"end":{"line":113,"column":13}},{"start":{"line":111,"column":12},"end":{"line":113,"column":13}}],"line":111},"4":{"loc":{"start":{"line":157,"column":4},"end":{"line":159,"column":5}},"type":"if","locations":[{"start":{"line":157,"column":4},"end":{"line":159,"column":5}},{"start":{"line":157,"column":4},"end":{"line":159,"column":5}}],"line":157},"5":{"loc":{"start":{"line":157,"column":7},"end":{"line":157,"column":53}},"type":"binary-expr","locations":[{"start":{"line":157,"column":7},"end":{"line":157,"column":14}},{"start":{"line":157,"column":18},"end":{"line":157,"column":53}}],"line":157},"6":{"loc":{"start":{"line":164,"column":47},"end":{"line":164,"column":66}},"type":"default-arg","locations":[{"start":{"line":164,"column":62},"end":{"line":164,"column":66}}],"line":164},"7":{"loc":{"start":{"line":166,"column":25},"end":{"line":166,"column":79}},"type":"cond-expr","locations":[{"start":{"line":166,"column":43},"end":{"line":166,"column":64}},{"start":{"line":166,"column":67},"end":{"line":166,"column":79}}],"line":166},"8":{"loc":{"start":{"line":170,"column":39},"end":{"line":170,"column":93}},"type":"cond-expr","locations":[{"start":{"line":170,"column":57},"end":{"line":170,"column":78}},{"start":{"line":170,"column":81},"end":{"line":170,"column":93}}],"line":170},"9":{"loc":{"start":{"line":174,"column":41},"end":{"line":174,"column":60}},"type":"default-arg","locations":[{"start":{"line":174,"column":56},"end":{"line":174,"column":60}}],"line":174},"10":{"loc":{"start":{"line":175,"column":4},"end":{"line":177,"column":5}},"type":"if","locations":[{"start":{"line":175,"column":4},"end":{"line":177,"column":5}},{"start":{"line":175,"column":4},"end":{"line":177,"column":5}}],"line":175}},"s":{"0":2,"1":2,"2":2,"3":2,"4":2,"5":0,"6":2,"7":0,"8":0,"9":0,"10":0,"11":2,"12":0,"13":0,"14":0,"15":0,"16":0,"17":2,"18":0,"19":0,"20":0,"21":2,"22":0,"23":0,"24":0,"25":0,"26":0,"27":0,"28":0,"29":0,"30":0,"31":0,"32":0,"33":0,"34":0,"35":2,"36":0,"37":0,"38":0,"39":2,"40":0,"41":2,"42":0,"43":2,"44":0,"45":0,"46":0,"47":0,"48":0,"49":0,"50":0,"51":0,"52":2,"53":0,"54":0,"55":0,"56":0,"57":0,"58":0,"59":0,"60":0,"61":2,"62":0,"63":0,"64":0,"65":2,"66":0,"67":0,"68":0,"69":2,"70":2,"71":2,"72":2},"f":{"0":0,"1":0,"2":0,"3":0,"4":0,"5":0,"6":0,"7":0,"8":0,"9":0,"10":0,"11":0,"12":0,"13":0,"14":0,"15":0,"16":0,"17":0,"18":0,"19":0,"20":0,"21":0,"22":0,"23":0,"24":2},"b":{"0":[0,0],"1":[0,0,0],"2":[0,0],"3":[0,0],"4":[0,0],"5":[0,0],"6":[0],"7":[0,0],"8":[0,0],"9":[0],"10":[2,0]},"_coverageSchema":"332fd63041d2c1bcb487cc26dd0d5f7d97098a6c","hash":"7e4e74cb9575a170cf55ed58812fb5cc152a01f0"},"D:\\DEV\\Statoil\\Project Portal\\git\\fusion-components\\src\\components\\general\\Popover\\index.js":{"path":"D:\\DEV\\Statoil\\Project Portal\\git\\fusion-components\\src\\components\\general\\Popover\\index.js","statementMap":{"0":{"start":{"line":8,"column":42},"end":{"line":11,"column":1}},"1":{"start":{"line":13,"column":40},"end":{"line":16,"column":1}},"2":{"start":{"line":34,"column":8},"end":{"line":36,"column":9}},"3":{"start":{"line":35,"column":12},"end":{"line":35,"column":43}},"4":{"start":{"line":35,"column":29},"end":{"line":35,"column":41}},"5":{"start":{"line":40,"column":8},"end":{"line":40,"column":29}},"6":{"start":{"line":44,"column":86},"end":{"line":44,"column":96}},"7":{"start":{"line":46,"column":36},"end":{"line":53,"column":14}},"8":{"start":{"line":55,"column":8},"end":{"line":62,"column":10}},"9":{"start":{"line":66,"column":39},"end":{"line":66,"column":49}},"10":{"start":{"line":68,"column":8},"end":{"line":70,"column":9}},"11":{"start":{"line":69,"column":12},"end":{"line":69,"column":24}},"12":{"start":{"line":72,"column":8},"end":{"line":74,"column":9}},"13":{"start":{"line":73,"column":12},"end":{"line":73,"column":40}},"14":{"start":{"line":76,"column":8},"end":{"line":80,"column":10}},"15":{"start":{"line":77,"column":73},"end":{"line":77,"column":99}}},"fnMap":{"0":{"name":"(anonymous_0)","decl":{"start":{"line":33,"column":4},"end":{"line":33,"column":5}},"loc":{"start":{"line":33,"column":25},"end":{"line":37,"column":5}},"line":33},"1":{"name":"(anonymous_1)","decl":{"start":{"line":35,"column":23},"end":{"line":35,"column":24}},"loc":{"start":{"line":35,"column":29},"end":{"line":35,"column":41}},"line":35},"2":{"name":"(anonymous_2)","decl":{"start":{"line":39,"column":4},"end":{"line":39,"column":5}},"loc":{"start":{"line":39,"column":12},"end":{"line":41,"column":5}},"line":39},"3":{"name":"(anonymous_3)","decl":{"start":{"line":43,"column":4},"end":{"line":43,"column":5}},"loc":{"start":{"line":43,"column":20},"end":{"line":63,"column":5}},"line":43},"4":{"name":"(anonymous_4)","decl":{"start":{"line":65,"column":4},"end":{"line":65,"column":5}},"loc":{"start":{"line":65,"column":13},"end":{"line":81,"column":5}},"line":65},"5":{"name":"(anonymous_5)","decl":{"start":{"line":77,"column":68},"end":{"line":77,"column":69}},"loc":{"start":{"line":77,"column":73},"end":{"line":77,"column":99}},"line":77}},"branchMap":{"0":{"loc":{"start":{"line":34,"column":8},"end":{"line":36,"column":9}},"type":"if","locations":[{"start":{"line":34,"column":8},"end":{"line":36,"column":9}},{"start":{"line":34,"column":8},"end":{"line":36,"column":9}}],"line":34},"1":{"loc":{"start":{"line":68,"column":8},"end":{"line":70,"column":9}},"type":"if","locations":[{"start":{"line":68,"column":8},"end":{"line":70,"column":9}},{"start":{"line":68,"column":8},"end":{"line":70,"column":9}}],"line":68},"2":{"loc":{"start":{"line":72,"column":8},"end":{"line":74,"column":9}},"type":"if","locations":[{"start":{"line":72,"column":8},"end":{"line":74,"column":9}},{"start":{"line":72,"column":8},"end":{"line":74,"column":9}}],"line":72}},"s":{"0":1,"1":1,"2":0,"3":0,"4":0,"5":0,"6":1,"7":1,"8":1,"9":2,"10":2,"11":1,"12":1,"13":1,"14":0,"15":0},"f":{"0":0,"1":0,"2":0,"3":1,"4":2,"5":0},"b":{"0":[0,0],"1":[1,1],"2":[1,0]},"_coverageSchema":"332fd63041d2c1bcb487cc26dd0d5f7d97098a6c","hash":"4d1cf79b5d70082a273d8e871cf62296d427a8cd"},"D:\\DEV\\Statoil\\Project Portal\\git\\fusion-components\\src\\components\\utils\\RelativePortal.js":{"path":"D:\\DEV\\Statoil\\Project Portal\\git\\fusion-components\\src\\components\\utils\\RelativePortal.js","statementMap":{"0":{"start":{"line":7,"column":30},"end":{"line":7,"column":51}},"1":{"start":{"line":9,"column":8},"end":{"line":9,"column":11}},"2":{"start":{"line":18,"column":8},"end":{"line":18,"column":74}},"3":{"start":{"line":19,"column":8},"end":{"line":19,"column":72}},"4":{"start":{"line":20,"column":8},"end":{"line":20,"column":75}},"5":{"start":{"line":21,"column":8},"end":{"line":21,"column":33}},"6":{"start":{"line":25,"column":8},"end":{"line":25,"column":33}},"7":{"start":{"line":29,"column":8},"end":{"line":29,"column":77}},"8":{"start":{"line":30,"column":8},"end":{"line":30,"column":75}},"9":{"start":{"line":31,"column":8},"end":{"line":31,"column":78}},"10":{"start":{"line":32,"column":8},"end":{"line":32,"column":57}},"11":{"start":{"line":36,"column":21},"end":{"line":36,"column":49}},"12":{"start":{"line":37,"column":8},"end":{"line":37,"column":114}},"13":{"start":{"line":41,"column":8},"end":{"line":41,"column":40}},"14":{"start":{"line":45,"column":41},"end":{"line":45,"column":51}},"15":{"start":{"line":46,"column":8},"end":{"line":48,"column":9}},"16":{"start":{"line":47,"column":12},"end":{"line":47,"column":43}},"17":{"start":{"line":52,"column":8},"end":{"line":62,"column":11}},"18":{"start":{"line":53,"column":29},"end":{"line":53,"column":69}},"19":{"start":{"line":54,"column":12},"end":{"line":57,"column":13}},"20":{"start":{"line":54,"column":79},"end":{"line":54,"column":117}},"21":{"start":{"line":55,"column":16},"end":{"line":55,"column":49}},"22":{"start":{"line":56,"column":16},"end":{"line":56,"column":23}},"23":{"start":{"line":59,"column":12},"end":{"line":61,"column":13}},"24":{"start":{"line":60,"column":16},"end":{"line":60,"column":45}},"25":{"start":{"line":66,"column":24},"end":{"line":71,"column":9}},"26":{"start":{"line":67,"column":12},"end":{"line":69,"column":13}},"27":{"start":{"line":68,"column":16},"end":{"line":68,"column":30}},"28":{"start":{"line":70,"column":12},"end":{"line":70,"column":67}},"29":{"start":{"line":73,"column":22},"end":{"line":73,"column":37}},"30":{"start":{"line":74,"column":22},"end":{"line":74,"column":89}},"31":{"start":{"line":74,"column":38},"end":{"line":74,"column":89}},"32":{"start":{"line":75,"column":25},"end":{"line":75,"column":84}},"33":{"start":{"line":75,"column":33},"end":{"line":75,"column":84}},"34":{"start":{"line":76,"column":23},"end":{"line":76,"column":57}},"35":{"start":{"line":76,"column":31},"end":{"line":76,"column":57}},"36":{"start":{"line":78,"column":29},"end":{"line":86,"column":9}},"37":{"start":{"line":79,"column":27},"end":{"line":79,"column":55}},"38":{"start":{"line":80,"column":12},"end":{"line":84,"column":13}},"39":{"start":{"line":81,"column":16},"end":{"line":83,"column":17}},"40":{"start":{"line":82,"column":20},"end":{"line":82,"column":37}},"41":{"start":{"line":85,"column":12},"end":{"line":85,"column":73}},"42":{"start":{"line":87,"column":8},"end":{"line":87,"column":34}},"43":{"start":{"line":92,"column":21},"end":{"line":92,"column":55}},"44":{"start":{"line":93,"column":38},"end":{"line":93,"column":48}},"45":{"start":{"line":95,"column":8},"end":{"line":97,"column":9}},"46":{"start":{"line":96,"column":12},"end":{"line":96,"column":19}},"47":{"start":{"line":99,"column":21},"end":{"line":99,"column":49}},"48":{"start":{"line":100,"column":45},"end":{"line":100,"column":55}},"49":{"start":{"line":102,"column":8},"end":{"line":123,"column":9}},"50":{"start":{"line":103,"column":12},"end":{"line":103,"column":61}},"51":{"start":{"line":104,"column":12},"end":{"line":111,"column":15}},"52":{"start":{"line":105,"column":16},"end":{"line":110,"column":19}},"53":{"start":{"line":113,"column":12},"end":{"line":122,"column":13}},"54":{"start":{"line":114,"column":41},"end":{"line":114,"column":72}},"55":{"start":{"line":115,"column":16},"end":{"line":121,"column":17}},"56":{"start":{"line":116,"column":41},"end":{"line":116,"column":85}},"57":{"start":{"line":117,"column":40},"end":{"line":117,"column":92}},"58":{"start":{"line":118,"column":20},"end":{"line":120,"column":21}},"59":{"start":{"line":119,"column":24},"end":{"line":119,"column":44}},"60":{"start":{"line":127,"column":8},"end":{"line":129,"column":10}},"61":{"start":{"line":133,"column":8},"end":{"line":139,"column":10}},"62":{"start":{"line":143,"column":20},"end":{"line":143,"column":58}},"63":{"start":{"line":144,"column":18},"end":{"line":154,"column":40}},"64":{"start":{"line":145,"column":4},"end":{"line":147,"column":5}},"65":{"start":{"line":146,"column":8},"end":{"line":146,"column":24}},"66":{"start":{"line":149,"column":22},"end":{"line":149,"column":51}},"67":{"start":{"line":150,"column":4},"end":{"line":150,"column":31}},"68":{"start":{"line":151,"column":4},"end":{"line":151,"column":41}},"69":{"start":{"line":153,"column":4},"end":{"line":153,"column":21}},"70":{"start":{"line":163,"column":8},"end":{"line":169,"column":22}},"71":{"start":{"line":166,"column":20},"end":{"line":166,"column":103}}},"fnMap":{"0":{"name":"(anonymous_0)","decl":{"start":{"line":17,"column":24},"end":{"line":17,"column":25}},"loc":{"start":{"line":17,"column":30},"end":{"line":22,"column":5}},"line":17},"1":{"name":"(anonymous_1)","decl":{"start":{"line":24,"column":4},"end":{"line":24,"column":5}},"loc":{"start":{"line":24,"column":25},"end":{"line":26,"column":5}},"line":24},"2":{"name":"(anonymous_2)","decl":{"start":{"line":28,"column":27},"end":{"line":28,"column":28}},"loc":{"start":{"line":28,"column":33},"end":{"line":33,"column":5}},"line":28},"3":{"name":"(anonymous_3)","decl":{"start":{"line":35,"column":4},"end":{"line":35,"column":5}},"loc":{"start":{"line":35,"column":26},"end":{"line":38,"column":5}},"line":35},"4":{"name":"(anonymous_4)","decl":{"start":{"line":40,"column":25},"end":{"line":40,"column":26}},"loc":{"start":{"line":40,"column":31},"end":{"line":42,"column":5}},"line":40},"5":{"name":"(anonymous_5)","decl":{"start":{"line":44,"column":20},"end":{"line":44,"column":21}},"loc":{"start":{"line":44,"column":26},"end":{"line":49,"column":5}},"line":44},"6":{"name":"(anonymous_6)","decl":{"start":{"line":51,"column":25},"end":{"line":51,"column":26}},"loc":{"start":{"line":51,"column":30},"end":{"line":63,"column":5}},"line":51},"7":{"name":"(anonymous_7)","decl":{"start":{"line":52,"column":19},"end":{"line":52,"column":20}},"loc":{"start":{"line":52,"column":25},"end":{"line":62,"column":9}},"line":52},"8":{"name":"(anonymous_8)","decl":{"start":{"line":54,"column":59},"end":{"line":54,"column":60}},"loc":{"start":{"line":54,"column":79},"end":{"line":54,"column":117}},"line":54},"9":{"name":"(anonymous_9)","decl":{"start":{"line":65,"column":4},"end":{"line":65,"column":5}},"loc":{"start":{"line":65,"column":31},"end":{"line":88,"column":5}},"line":65},"10":{"name":"(anonymous_10)","decl":{"start":{"line":66,"column":24},"end":{"line":66,"column":25}},"loc":{"start":{"line":66,"column":42},"end":{"line":71,"column":9}},"line":66},"11":{"name":"(anonymous_11)","decl":{"start":{"line":74,"column":22},"end":{"line":74,"column":23}},"loc":{"start":{"line":74,"column":38},"end":{"line":74,"column":89}},"line":74},"12":{"name":"(anonymous_12)","decl":{"start":{"line":75,"column":25},"end":{"line":75,"column":26}},"loc":{"start":{"line":75,"column":33},"end":{"line":75,"column":84}},"line":75},"13":{"name":"(anonymous_13)","decl":{"start":{"line":76,"column":23},"end":{"line":76,"column":24}},"loc":{"start":{"line":76,"column":31},"end":{"line":76,"column":57}},"line":76},"14":{"name":"(anonymous_14)","decl":{"start":{"line":78,"column":29},"end":{"line":78,"column":30}},"loc":{"start":{"line":78,"column":39},"end":{"line":86,"column":9}},"line":78},"15":{"name":"(anonymous_15)","decl":{"start":{"line":91,"column":24},"end":{"line":91,"column":25}},"loc":{"start":{"line":91,"column":30},"end":{"line":124,"column":5}},"line":91},"16":{"name":"(anonymous_16)","decl":{"start":{"line":104,"column":63},"end":{"line":104,"column":64}},"loc":{"start":{"line":104,"column":69},"end":{"line":111,"column":13}},"line":104},"17":{"name":"(anonymous_17)","decl":{"start":{"line":126,"column":4},"end":{"line":126,"column":5}},"loc":{"start":{"line":126,"column":17},"end":{"line":130,"column":5}},"line":126},"18":{"name":"(anonymous_18)","decl":{"start":{"line":132,"column":4},"end":{"line":132,"column":5}},"loc":{"start":{"line":132,"column":13},"end":{"line":140,"column":5}},"line":132},"19":{"name":"(anonymous_19)","decl":{"start":{"line":144,"column":19},"end":{"line":144,"column":20}},"loc":{"start":{"line":144,"column":31},"end":{"line":154,"column":1}},"line":144},"20":{"name":"(anonymous_20)","decl":{"start":{"line":162,"column":4},"end":{"line":162,"column":5}},"loc":{"start":{"line":162,"column":13},"end":{"line":170,"column":5}},"line":162},"21":{"name":"(anonymous_21)","decl":{"start":{"line":165,"column":17},"end":{"line":165,"column":18}},"loc":{"start":{"line":166,"column":20},"end":{"line":166,"column":103}},"line":166}},"branchMap":{"0":{"loc":{"start":{"line":37,"column":15},"end":{"line":37,"column":113}},"type":"binary-expr","locations":[{"start":{"line":37,"column":16},"end":{"line":37,"column":36}},{"start":{"line":37,"column":40},"end":{"line":37,"column":61}},{"start":{"line":37,"column":67},"end":{"line":37,"column":86}},{"start":{"line":37,"column":90},"end":{"line":37,"column":112}}],"line":37},"1":{"loc":{"start":{"line":46,"column":8},"end":{"line":48,"column":9}},"type":"if","locations":[{"start":{"line":46,"column":8},"end":{"line":48,"column":9}},{"start":{"line":46,"column":8},"end":{"line":48,"column":9}}],"line":46},"2":{"loc":{"start":{"line":54,"column":12},"end":{"line":57,"column":13}},"type":"if","locations":[{"start":{"line":54,"column":12},"end":{"line":57,"column":13}},{"start":{"line":54,"column":12},"end":{"line":57,"column":13}}],"line":54},"3":{"loc":{"start":{"line":54,"column":15},"end":{"line":54,"column":124}},"type":"binary-expr","locations":[{"start":{"line":54,"column":15},"end":{"line":54,"column":39}},{"start":{"line":54,"column":43},"end":{"line":54,"column":124}}],"line":54},"4":{"loc":{"start":{"line":54,"column":79},"end":{"line":54,"column":117}},"type":"binary-expr","locations":[{"start":{"line":54,"column":79},"end":{"line":54,"column":87}},{"start":{"line":54,"column":91},"end":{"line":54,"column":117}}],"line":54},"5":{"loc":{"start":{"line":59,"column":12},"end":{"line":61,"column":13}},"type":"if","locations":[{"start":{"line":59,"column":12},"end":{"line":61,"column":13}},{"start":{"line":59,"column":12},"end":{"line":61,"column":13}}],"line":59},"6":{"loc":{"start":{"line":67,"column":12},"end":{"line":69,"column":13}},"type":"if","locations":[{"start":{"line":67,"column":12},"end":{"line":69,"column":13}},{"start":{"line":67,"column":12},"end":{"line":69,"column":13}}],"line":67},"7":{"loc":{"start":{"line":81,"column":16},"end":{"line":83,"column":17}},"type":"if","locations":[{"start":{"line":81,"column":16},"end":{"line":83,"column":17}},{"start":{"line":81,"column":16},"end":{"line":83,"column":17}}],"line":81},"8":{"loc":{"start":{"line":85,"column":19},"end":{"line":85,"column":72}},"type":"binary-expr","locations":[{"start":{"line":85,"column":19},"end":{"line":85,"column":44}},{"start":{"line":85,"column":48},"end":{"line":85,"column":72}}],"line":85},"9":{"loc":{"start":{"line":95,"column":8},"end":{"line":97,"column":9}},"type":"if","locations":[{"start":{"line":95,"column":8},"end":{"line":97,"column":9}},{"start":{"line":95,"column":8},"end":{"line":97,"column":9}}],"line":95},"10":{"loc":{"start":{"line":102,"column":8},"end":{"line":123,"column":9}},"type":"if","locations":[{"start":{"line":102,"column":8},"end":{"line":123,"column":9}},{"start":{"line":102,"column":8},"end":{"line":123,"column":9}}],"line":102},"11":{"loc":{"start":{"line":102,"column":12},"end":{"line":102,"column":100}},"type":"binary-expr","locations":[{"start":{"line":102,"column":12},"end":{"line":102,"column":28}},{"start":{"line":102,"column":32},"end":{"line":102,"column":50}},{"start":{"line":102,"column":54},"end":{"line":102,"column":74}},{"start":{"line":102,"column":78},"end":{"line":102,"column":100}}],"line":102},"12":{"loc":{"start":{"line":113,"column":12},"end":{"line":122,"column":13}},"type":"if","locations":[{"start":{"line":113,"column":12},"end":{"line":122,"column":13}},{"start":{"line":113,"column":12},"end":{"line":122,"column":13}}],"line":113},"13":{"loc":{"start":{"line":115,"column":16},"end":{"line":121,"column":17}},"type":"if","locations":[{"start":{"line":115,"column":16},"end":{"line":121,"column":17}},{"start":{"line":115,"column":16},"end":{"line":121,"column":17}}],"line":115},"14":{"loc":{"start":{"line":118,"column":20},"end":{"line":120,"column":21}},"type":"if","locations":[{"start":{"line":118,"column":20},"end":{"line":120,"column":21}},{"start":{"line":118,"column":20},"end":{"line":120,"column":21}}],"line":118},"15":{"loc":{"start":{"line":145,"column":4},"end":{"line":147,"column":5}},"type":"if","locations":[{"start":{"line":145,"column":4},"end":{"line":147,"column":5}},{"start":{"line":145,"column":4},"end":{"line":147,"column":5}}],"line":145}},"s":{"0":1,"1":1,"2":0,"3":0,"4":0,"5":0,"6":0,"7":0,"8":0,"9":0,"10":0,"11":0,"12":0,"13":0,"14":0,"15":0,"16":0,"17":0,"18":0,"19":0,"20":0,"21":0,"22":0,"23":0,"24":0,"25":0,"26":0,"27":0,"28":0,"29":0,"30":0,"31":0,"32":0,"33":0,"34":0,"35":0,"36":0,"37":0,"38":0,"39":0,"40":0,"41":0,"42":0,"43":0,"44":0,"45":0,"46":0,"47":0,"48":0,"49":0,"50":0,"51":0,"52":0,"53":0,"54":0,"55":0,"56":0,"57":0,"58":0,"59":0,"60":0,"61":0,"62":1,"63":1,"64":1,"65":0,"66":1,"67":1,"68":1,"69":1,"70":0,"71":0},"f":{"0":0,"1":0,"2":0,"3":0,"4":0,"5":0,"6":0,"7":0,"8":0,"9":0,"10":0,"11":0,"12":0,"13":0,"14":0,"15":0,"16":0,"17":0,"18":0,"19":1,"20":0,"21":0},"b":{"0":[0,0,0,0],"1":[0,0],"2":[0,0],"3":[0,0],"4":[0,0],"5":[0,0],"6":[0,0],"7":[0,0],"8":[0,0],"9":[0,0],"10":[0,0],"11":[0,0,0,0],"12":[0,0],"13":[0,0],"14":[0,0],"15":[0,1]},"_coverageSchema":"332fd63041d2c1bcb487cc26dd0d5f7d97098a6c","hash":"24565765a6fc3fecda7fae3fd2030ad420902aa6"},"D:\\DEV\\Statoil\\Project Portal\\git\\fusion-components\\src\\components\\general\\Popover\\Arrow.js":{"path":"D:\\DEV\\Statoil\\Project Portal\\git\\fusion-components\\src\\components\\general\\Popover\\Arrow.js","statementMap":{"0":{"start":{"line":5,"column":4},"end":{"line":22,"column":10}}},"fnMap":{"0":{"name":"(anonymous_0)","decl":{"start":{"line":4,"column":15},"end":{"line":4,"column":16}},"loc":{"start":{"line":5,"column":4},"end":{"line":22,"column":10}},"line":5}},"branchMap":{},"s":{"0":1},"f":{"0":1},"b":{},"_coverageSchema":"332fd63041d2c1bcb487cc26dd0d5f7d97098a6c","hash":"28898f525700eb8cf2695a69a11868396320ecb8"}}}